<?xml version="1.0" encoding="UTF-8"?>
<coverage generated="1677227491405" clover="3.2.0">
  <project timestamp="1677227491405" name="All files">
    <metrics statements="36" coveredstatements="35" conditionals="13" coveredconditionals="12" methods="3" coveredmethods="3" elements="52" coveredelements="50" complexity="0" loc="36" ncloc="36" packages="1" files="1" classes="1"/>
    <file name="clone_object.js" path="/Users/jasonmoon/Documents/Project/F-Lab/javascript/deep_clone_object/src/clone_object.js">
      <metrics statements="36" coveredstatements="35" conditionals="13" coveredconditionals="12" methods="3" coveredmethods="3"/>
      <line num="1" count="14" type="cond" truecount="1" falsecount="0"/>
      <line num="2" count="14" type="cond" truecount="2" falsecount="0"/>
      <line num="3" count="3" type="stmt"/>
      <line num="4" count="3" type="stmt"/>
      <line num="5" count="14" type="stmt"/>
      <line num="6" count="1" type="stmt"/>
      <line num="7" count="3" type="cond" truecount="1" falsecount="0"/>
      <line num="8" count="3" type="cond" truecount="1" falsecount="0"/>
      <line num="9" count="3" type="stmt"/>
      <line num="10" count="3" type="stmt"/>
      <line num="11" count="1" type="stmt"/>
      <line num="12" count="14" type="cond" truecount="1" falsecount="0"/>
      <line num="13" count="14" type="stmt"/>
      <line num="14" count="14" type="stmt"/>
      <line num="15" count="14" type="cond" truecount="1" falsecount="0"/>
      <line num="16" count="3" type="stmt"/>
      <line num="17" count="3" type="stmt"/>
      <line num="18" count="3" type="cond" truecount="1" falsecount="0"/>
      <line num="19" count="8" type="stmt"/>
      <line num="20" count="8" type="stmt"/>
      <line num="21" count="8" type="stmt"/>
      <line num="22" count="14" type="cond" truecount="1" falsecount="0"/>
      <line num="23" count="15" type="cond" truecount="1" falsecount="0"/>
      <line num="24" count="6" type="cond" truecount="0" falsecount="1"/>
      <line num="25" count="0" type="stmt"/>
      <line num="26" count="6" type="stmt"/>
      <line num="27" count="6" type="stmt"/>
      <line num="28" count="6" type="stmt"/>
      <line num="29" count="15" type="cond" truecount="1" falsecount="0"/>
      <line num="30" count="9" type="stmt"/>
      <line num="31" count="9" type="stmt"/>
      <line num="32" count="15" type="cond" truecount="1" falsecount="0"/>
      <line num="33" count="8" type="stmt"/>
      <line num="34" count="8" type="stmt"/>
      <line num="35" count="1" type="stmt"/>
      <line num="36" count="1" type="stmt"/>
    </file>
  </project>
</coverage>
