{"/Users/jasonmoon/Documents/Project/F-Lab/javascript/deep_clone_object/src/clone_object.js": {"path":"/Users/jasonmoon/Documents/Project/F-Lab/javascript/deep_clone_object/src/clone_object.js","all":false,"statementMap":{"0":{"start":{"line":1,"column":0},"end":{"line":1,"column":38}},"1":{"start":{"line":2,"column":0},"end":{"line":2,"column":52}},"2":{"start":{"line":3,"column":0},"end":{"line":3,"column":55}},"3":{"start":{"line":4,"column":0},"end":{"line":4,"column":3}},"4":{"start":{"line":5,"column":0},"end":{"line":5,"column":1}},"5":{"start":{"line":6,"column":0},"end":{"line":6,"column":0}},"6":{"start":{"line":7,"column":0},"end":{"line":7,"column":32}},"7":{"start":{"line":8,"column":0},"end":{"line":8,"column":45}},"8":{"start":{"line":9,"column":0},"end":{"line":9,"column":16}},"9":{"start":{"line":10,"column":0},"end":{"line":10,"column":1}},"10":{"start":{"line":11,"column":0},"end":{"line":11,"column":0}},"11":{"start":{"line":12,"column":0},"end":{"line":12,"column":44}},"12":{"start":{"line":13,"column":0},"end":{"line":13,"column":41}},"13":{"start":{"line":14,"column":0},"end":{"line":14,"column":0}},"14":{"start":{"line":15,"column":0},"end":{"line":15,"column":40}},"15":{"start":{"line":16,"column":0},"end":{"line":16,"column":52}},"16":{"start":{"line":17,"column":0},"end":{"line":17,"column":18}},"17":{"start":{"line":18,"column":0},"end":{"line":18,"column":3}},"18":{"start":{"line":19,"column":0},"end":{"line":19,"column":0}},"19":{"start":{"line":20,"column":0},"end":{"line":20,"column":20}},"20":{"start":{"line":21,"column":0},"end":{"line":21,"column":0}},"21":{"start":{"line":22,"column":0},"end":{"line":22,"column":34}},"22":{"start":{"line":23,"column":0},"end":{"line":23,"column":53}},"23":{"start":{"line":24,"column":0},"end":{"line":24,"column":44}},"24":{"start":{"line":25,"column":0},"end":{"line":25,"column":64}},"25":{"start":{"line":26,"column":0},"end":{"line":26,"column":14}},"26":{"start":{"line":27,"column":0},"end":{"line":27,"column":65}},"27":{"start":{"line":28,"column":0},"end":{"line":28,"column":7}},"28":{"start":{"line":29,"column":0},"end":{"line":29,"column":12}},"29":{"start":{"line":30,"column":0},"end":{"line":30,"column":46}},"30":{"start":{"line":31,"column":0},"end":{"line":31,"column":5}},"31":{"start":{"line":32,"column":0},"end":{"line":32,"column":3}},"32":{"start":{"line":33,"column":0},"end":{"line":33,"column":18}},"33":{"start":{"line":34,"column":0},"end":{"line":34,"column":1}},"34":{"start":{"line":35,"column":0},"end":{"line":35,"column":0}},"35":{"start":{"line":36,"column":0},"end":{"line":36,"column":33}}},"s":{"0":14,"1":14,"2":3,"3":3,"4":14,"5":1,"6":3,"7":3,"8":3,"9":3,"10":1,"11":14,"12":14,"13":14,"14":14,"15":3,"16":3,"17":3,"18":8,"19":8,"20":8,"21":14,"22":15,"23":6,"24":0,"25":6,"26":6,"27":6,"28":15,"29":9,"30":9,"31":15,"32":8,"33":8,"34":1,"35":1},"branchMap":{"0":{"type":"branch","line":1,"loc":{"start":{"line":1,"column":0},"end":{"line":5,"column":1}},"locations":[{"start":{"line":1,"column":0},"end":{"line":5,"column":1}}]},"1":{"type":"branch","line":2,"loc":{"start":{"line":2,"column":31},"end":{"line":2,"column":49}},"locations":[{"start":{"line":2,"column":31},"end":{"line":2,"column":49}}]},"2":{"type":"branch","line":2,"loc":{"start":{"line":2,"column":51},"end":{"line":4,"column":3}},"locations":[{"start":{"line":2,"column":51},"end":{"line":4,"column":3}}]},"3":{"type":"branch","line":7,"loc":{"start":{"line":7,"column":0},"end":{"line":10,"column":1}},"locations":[{"start":{"line":7,"column":0},"end":{"line":10,"column":1}}]},"4":{"type":"branch","line":8,"loc":{"start":{"line":8,"column":28},"end":{"line":8,"column":43}},"locations":[{"start":{"line":8,"column":28},"end":{"line":8,"column":43}}]},"5":{"type":"branch","line":12,"loc":{"start":{"line":12,"column":0},"end":{"line":34,"column":1}},"locations":[{"start":{"line":12,"column":0},"end":{"line":34,"column":1}}]},"6":{"type":"branch","line":15,"loc":{"start":{"line":15,"column":39},"end":{"line":18,"column":3}},"locations":[{"start":{"line":15,"column":39},"end":{"line":18,"column":3}}]},"7":{"type":"branch","line":18,"loc":{"start":{"line":18,"column":2},"end":{"line":22,"column":33}},"locations":[{"start":{"line":18,"column":2},"end":{"line":22,"column":33}}]},"8":{"type":"branch","line":22,"loc":{"start":{"line":22,"column":33},"end":{"line":32,"column":3}},"locations":[{"start":{"line":22,"column":33},"end":{"line":32,"column":3}}]},"9":{"type":"branch","line":23,"loc":{"start":{"line":23,"column":52},"end":{"line":29,"column":5}},"locations":[{"start":{"line":23,"column":52},"end":{"line":29,"column":5}}]},"10":{"type":"branch","line":24,"loc":{"start":{"line":24,"column":43},"end":{"line":26,"column":7}},"locations":[{"start":{"line":24,"column":43},"end":{"line":26,"column":7}}]},"11":{"type":"branch","line":29,"loc":{"start":{"line":29,"column":5},"end":{"line":31,"column":5}},"locations":[{"start":{"line":29,"column":5},"end":{"line":31,"column":5}}]},"12":{"type":"branch","line":32,"loc":{"start":{"line":32,"column":2},"end":{"line":34,"column":1}},"locations":[{"start":{"line":32,"column":2},"end":{"line":34,"column":1}}]}},"b":{"0":[14],"1":[11],"2":[3],"3":[3],"4":[7],"5":[14],"6":[3],"7":[8],"8":[15],"9":[6],"10":[0],"11":[9],"12":[8]},"fnMap":{"0":{"name":"validateTypeOfObject","decl":{"start":{"line":1,"column":0},"end":{"line":5,"column":1}},"loc":{"start":{"line":1,"column":0},"end":{"line":5,"column":1}},"line":1},"1":{"name":"cloneDeepArray","decl":{"start":{"line":7,"column":0},"end":{"line":10,"column":1}},"loc":{"start":{"line":7,"column":0},"end":{"line":10,"column":1}},"line":7},"2":{"name":"cloneDeepObject","decl":{"start":{"line":12,"column":0},"end":{"line":34,"column":1}},"loc":{"start":{"line":12,"column":0},"end":{"line":34,"column":1}},"line":12}},"f":{"0":14,"1":3,"2":14}}
}
