TN:
SF:src/clone_object.js
FN:1,validateTypeOfObject
FN:7,cloneDeepArray
FN:12,cloneDeepObject
FNF:3
FNH:3
FNDA:14,validateTypeOfObject
FNDA:3,cloneDeepArray
FNDA:14,cloneDeepObject
DA:1,14
DA:2,14
DA:3,3
DA:4,3
DA:5,14
DA:6,1
DA:7,3
DA:8,3
DA:9,3
DA:10,3
DA:11,1
DA:12,14
DA:13,14
DA:14,14
DA:15,14
DA:16,3
DA:17,3
DA:18,3
DA:19,8
DA:20,8
DA:21,8
DA:22,14
DA:23,15
DA:24,6
DA:25,0
DA:26,6
DA:27,6
DA:28,6
DA:29,15
DA:30,9
DA:31,9
DA:32,15
DA:33,8
DA:34,8
DA:35,1
DA:36,1
LF:36
LH:35
BRDA:1,0,0,14
BRDA:2,1,0,11
BRDA:2,2,0,3
BRDA:7,3,0,3
BRDA:8,4,0,7
BRDA:12,5,0,14
BRDA:15,6,0,3
BRDA:18,7,0,8
BRDA:22,8,0,15
BRDA:23,9,0,6
BRDA:24,10,0,0
BRDA:29,11,0,9
BRDA:32,12,0,8
BRF:13
BRH:12
end_of_record
